2016-12-02T16:03:07.704Z 53 SELL OPENED
2016-12-02T16:03:08.744Z 51 BUY CLOSED
2016-12-02T16:03:09.779Z 60 BUY OPENED
2016-12-02T16:03:10.807Z 54 BUY OPENED
2016-12-02T16:03:11.842Z 66 SELL OPENED
2016-12-02T16:03:12.875Z 57 BUY OPENED
2016-12-02T16:03:13.910Z 65 BUY OPENED
2016-12-02T16:03:14.936Z 77 BUY OPENED
2016-12-02T16:03:15.958Z 61 BUY OPENED
2016-12-03T16:03:16.977Z 100 BUY OPENED
2016-12-03T16:03:18.004Z 71 BUY OPENED
2016-12-03T16:03:19.026Z 84 BUY OPENED
2016-12-03T16:03:20.043Z 64 SELL CLOSED
2016-12-03T16:03:21.071Z 94 BUY OPENED
2016-12-03T16:03:22.092Z 87 BUY OPENED
2016-12-03T16:03:23.114Z 69 BUY OPENED
2016-12-03T16:03:24.137Z 56 BUY OPENED
2016-12-03T16:03:25.157Z 52 BUY OPENED
2016-12-03T16:03:26.184Z 68 BUY OPENED
2016-12-04T16:03:27.234Z 59 BUY OPENED
2016-12-04T16:03:28.276Z 52 SELL CLOSED
2016-12-04T16:03:29.308Z 89 SELL CLOSED
2016-12-04T16:03:30.342Z 53 BUY OPENED
2016-12-04T16:03:31.419Z 79 BUY OPENED
undefined undefined undefined undefined
undefined undefined undefined undefined
undefined undefined undefined undefined
2016-12-04T16:03:35.521Z 59 BUY OPENED
undefined undefined undefined undefined
undefined undefined undefined undefined
undefined undefined undefined undefined
undefined undefined undefined undefined
undefined undefined undefined undefined
undefined undefined undefined undefined
2016-12-05T16:03:42.709Z 52 SELL CLOSED
undefined undefined undefined undefined
undefined undefined undefined undefined
2016-12-05T16:03:45.769Z 77 SELL CLOSED
2016-12-06T16:03:46.943Z 92 BUY OPENED
2016-12-06T16:03:47.963Z 71 SELL CLOSED
2016-12-06T16:03:48.988Z 67 BUY OPENED
2016-12-06T16:03:50.009Z 53 SELL CLOSED
2016-12-06T16:03:51.044Z 72 BUY OPENED
undefined undefined undefined undefined
undefined undefined undefined undefined
undefined undefined undefined undefined
undefined undefined undefined undefined
undefined undefined undefined undefined
undefined undefined undefined undefined
undefined undefined undefined undefined
undefined undefined undefined undefined
undefined undefined undefined undefined
undefined undefined undefined undefined
undefined undefined undefined undefined
undefined undefined undefined undefined
undefined undefined undefined undefined
undefined undefined undefined undefined
undefined undefined undefined undefined
undefined undefined undefined undefined
undefined undefined undefined undefined
undefined undefined undefined undefined
undefined undefined undefined undefined
undefined undefined undefined undefined
undefined undefined undefined undefined
undefined undefined undefined undefined
undefined undefined undefined undefined
undefined undefined undefined undefined
2016-12-07T16:04:16.502Z 78 SELL CLOSED
2016-12-08T16:04:17.528Z 53 BUY OPENED
undefined undefined undefined undefined
2016-12-08T16:04:19.583Z 56 SELL CLOSED
2016-12-08T16:04:20.608Z 66 BUY OPENED
undefined undefined undefined undefined
2016-12-08T16:04:22.640Z 98 SELL CLOSED
2016-12-08T16:04:23.658Z 61 BUY OPENED
2016-12-08T16:04:24.681Z 67 BUY OPENED
